d:\tgl-sol\cad\circle\x64\release\circle.lib
d:\tgl-sol\cad\circle\x64\release\circle.exp
d:\tgl-sol\cad\circle\circle\x64\release\circle.pch
d:\tgl-sol\cad\circle\circle\x64\release\vc142.pdb
d:\tgl-sol\cad\circle\circle\x64\release\pch.obj
d:\tgl-sol\cad\circle\circle\x64\release\circlewrapper.obj
d:\tgl-sol\cad\circle\circle\x64\release\circle.obj
d:\tgl-sol\cad\circle\circle\x64\release\circle_i.obj
d:\tgl-sol\cad\circle\circle\x64\release\dllmain.obj
d:\tgl-sol\cad\circle\x64\release\circle.dll
d:\tgl-sol\cad\circle\x64\release\circle.pdb
d:\tgl-sol\cad\circle\circle\x64\release\circle.tlb
d:\tgl-sol\cad\circle\circle\circle_i.c
d:\tgl-sol\cad\circle\circle\circle_i.h
d:\tgl-sol\cad\circle\circle\x64\release\circle.res
d:\tgl-sol\cad\circle\circle\x64\release\circle.tlog\circle.write.1u.tlog
d:\tgl-sol\cad\circle\circle\x64\release\circle.tlog\cl.command.1.tlog
d:\tgl-sol\cad\circle\circle\x64\release\circle.tlog\cl.read.1.tlog
d:\tgl-sol\cad\circle\circle\x64\release\circle.tlog\cl.write.1.tlog
d:\tgl-sol\cad\circle\circle\x64\release\circle.tlog\link.command.1.tlog
d:\tgl-sol\cad\circle\circle\x64\release\circle.tlog\link.read.1.tlog
d:\tgl-sol\cad\circle\circle\x64\release\circle.tlog\link.write.1.tlog
d:\tgl-sol\cad\circle\circle\x64\release\circle.tlog\midl.command.1.tlog
d:\tgl-sol\cad\circle\circle\x64\release\circle.tlog\midl.read.1.tlog
d:\tgl-sol\cad\circle\circle\x64\release\circle.tlog\midl.write.1.tlog
d:\tgl-sol\cad\circle\circle\x64\release\circle.tlog\rc.command.1.tlog
d:\tgl-sol\cad\circle\circle\x64\release\circle.tlog\rc.read.1.tlog
d:\tgl-sol\cad\circle\circle\x64\release\circle.tlog\rc.write.1.tlog
